<?xml version="1.0" encoding="UTF-8"?>
<!-- Generated by org.testng.reporters.JUnitReportReporter -->
<testsuite hostname="DESKTOP-QBP43O6" failures="0" tests="9" name="com.sgtesting.actitimesenarios.Assignment2" time="43.498" errors="0" timestamp="2021-11-18T23:20:12 IST" skipped="0">
  <testcase classname="com.sgtesting.actitimesenarios.Assignment2" name="launchBrowser" time="2.457"/>
  <system-out/>
  <testcase classname="com.sgtesting.actitimesenarios.Assignment2" name="navigate" time="1.578"/>
  <system-out/>
  <testcase classname="com.sgtesting.actitimesenarios.Assignment2" name="login" time="4.290"/>
  <system-out/>
  <testcase classname="com.sgtesting.actitimesenarios.Assignment2" name="minimizeFlyOutWindow" time="2.074"/>
  <system-out/>
  <testcase classname="com.sgtesting.actitimesenarios.Assignment2" name="createuser" time="14.863"/>
  <system-out/>
  <testcase classname="com.sgtesting.actitimesenarios.Assignment2" name="modifyuser" time="7.280"/>
  <system-out/>
  <testcase classname="com.sgtesting.actitimesenarios.Assignment2" name="deleteuser" time="7.161"/>
  <system-out/>
  <testcase classname="com.sgtesting.actitimesenarios.Assignment2" name="logout" time="2.304"/>
  <system-out/>
  <testcase classname="com.sgtesting.actitimesenarios.Assignment2" name="closeApplication" time="1.491"/>
  <system-out/>
</testsuite> <!-- com.sgtesting.actitimesenarios.Assignment2 -->
