<?xml version="1.0" encoding="UTF-8"?>
<!-- Generated by org.testng.reporters.JUnitReportReporter -->
<testsuite hostname="DESKTOP-QBP43O6" failures="0" tests="12" name="com.sgtesting.actitimesenarios.Assignment7" time="60.576" errors="0" timestamp="2021-11-17T14:27:49 IST" skipped="0">
  <testcase classname="com.sgtesting.actitimesenarios.Assignment7" name="launchBrowser" time="1.090"/>
  <system-out/>
  <testcase classname="com.sgtesting.actitimesenarios.Assignment7" name="navigate" time="1.689"/>
  <system-out/>
  <testcase classname="com.sgtesting.actitimesenarios.Assignment7" name="login" time="4.319"/>
  <system-out/>
  <testcase classname="com.sgtesting.actitimesenarios.Assignment7" name="minimizeFlyOutWindow" time="2.073"/>
  <system-out/>
  <testcase classname="com.sgtesting.actitimesenarios.Assignment7" name="createcustomer" time="6.914"/>
  <system-out/>
  <testcase classname="com.sgtesting.actitimesenarios.Assignment7" name="createproject" time="7.435"/>
  <system-out/>
  <testcase classname="com.sgtesting.actitimesenarios.Assignment7" name="createtask" time="6.343"/>
  <system-out/>
  <testcase classname="com.sgtesting.actitimesenarios.Assignment7" name="deletetask" time="8.361"/>
  <system-out/>
  <testcase classname="com.sgtesting.actitimesenarios.Assignment7" name="deleteproject" time="10.343"/>
  <system-out/>
  <testcase classname="com.sgtesting.actitimesenarios.Assignment7" name="deletecustomer" time="8.330"/>
  <system-out/>
  <testcase classname="com.sgtesting.actitimesenarios.Assignment7" name="logout" time="2.297"/>
  <system-out/>
  <testcase classname="com.sgtesting.actitimesenarios.Assignment7" name="closeApplication" time="1.382"/>
  <system-out/>
</testsuite> <!-- com.sgtesting.actitimesenarios.Assignment7 -->
