<?xml version="1.0" encoding="UTF-8"?>
<!-- Generated by org.testng.reporters.JUnitReportReporter -->
<testsuite hostname="DESKTOP-QBP43O6" failures="0" tests="10" name="com.sgtesting.actitimesenarios.Assignment5" time="46.838" errors="0" timestamp="2021-11-17T14:27:49 IST" skipped="0">
  <testcase classname="com.sgtesting.actitimesenarios.Assignment5" name="launchBrowser" time="1.150"/>
  <system-out/>
  <testcase classname="com.sgtesting.actitimesenarios.Assignment5" name="navigate" time="2.363"/>
  <system-out/>
  <testcase classname="com.sgtesting.actitimesenarios.Assignment5" name="login" time="4.317"/>
  <system-out/>
  <testcase classname="com.sgtesting.actitimesenarios.Assignment5" name="minimizeFlyOutWindow" time="2.078"/>
  <system-out/>
  <testcase classname="com.sgtesting.actitimesenarios.Assignment5" name="createcustomer" time="6.946"/>
  <system-out/>
  <testcase classname="com.sgtesting.actitimesenarios.Assignment5" name="createproject" time="7.461"/>
  <system-out/>
  <testcase classname="com.sgtesting.actitimesenarios.Assignment5" name="deleteproject" time="10.385"/>
  <system-out/>
  <testcase classname="com.sgtesting.actitimesenarios.Assignment5" name="deletecustomer" time="8.341"/>
  <system-out/>
  <testcase classname="com.sgtesting.actitimesenarios.Assignment5" name="logout" time="2.367"/>
  <system-out/>
  <testcase classname="com.sgtesting.actitimesenarios.Assignment5" name="closeApplication" time="1.430"/>
  <system-out/>
</testsuite> <!-- com.sgtesting.actitimesenarios.Assignment5 -->
