<?xml version="1.0" encoding="UTF-8"?>
<!-- Generated by org.testng.reporters.JUnitReportReporter -->
<testsuite hostname="DESKTOP-QBP43O6" failures="0" tests="8" name="com.sgtesting.actitimesenarios.Assignment3" time="28.223" errors="0" timestamp="2021-11-17T14:27:49 IST" skipped="0">
  <testcase classname="com.sgtesting.actitimesenarios.Assignment3" name="launchBrowser" time="1.028"/>
  <system-out/>
  <testcase classname="com.sgtesting.actitimesenarios.Assignment3" name="navigate" time="1.896"/>
  <system-out/>
  <testcase classname="com.sgtesting.actitimesenarios.Assignment3" name="login" time="4.307"/>
  <system-out/>
  <testcase classname="com.sgtesting.actitimesenarios.Assignment3" name="minimizeFlyOutWindow" time="2.101"/>
  <system-out/>
  <testcase classname="com.sgtesting.actitimesenarios.Assignment3" name="createcustomer" time="6.870"/>
  <system-out/>
  <testcase classname="com.sgtesting.actitimesenarios.Assignment3" name="deletecustomer" time="8.394"/>
  <system-out/>
  <testcase classname="com.sgtesting.actitimesenarios.Assignment3" name="logout" time="2.277"/>
  <system-out/>
  <testcase classname="com.sgtesting.actitimesenarios.Assignment3" name="closeApplication" time="1.350"/>
  <system-out/>
</testsuite> <!-- com.sgtesting.actitimesenarios.Assignment3 -->
