<?xml version="1.0" encoding="UTF-8"?>
<!-- Generated by org.testng.reporters.JUnitReportReporter -->
<testsuite hostname="DESKTOP-QBP43O6" failures="0" tests="8" name="com.sgtesting.actitimesenarios.Assignment1" time="40.869" errors="0" timestamp="2021-11-19T16:44:08 IST" skipped="0">
  <testcase classname="com.sgtesting.actitimesenarios.Assignment1" name="launchBrowser" time="7.904"/>
  <system-out/>
  <testcase classname="com.sgtesting.actitimesenarios.Assignment1" name="navigate" time="2.287"/>
  <system-out/>
  <testcase classname="com.sgtesting.actitimesenarios.Assignment1" name="login" time="3.902"/>
  <system-out/>
  <testcase classname="com.sgtesting.actitimesenarios.Assignment1" name="minimizeFlyOutWindow" time="2.226"/>
  <system-out/>
  <testcase classname="com.sgtesting.actitimesenarios.Assignment1" name="createuser" time="12.971"/>
  <system-out/>
  <testcase classname="com.sgtesting.actitimesenarios.Assignment1" name="deleteuser" time="7.515"/>
  <system-out/>
  <testcase classname="com.sgtesting.actitimesenarios.Assignment1" name="logout" time="2.402"/>
  <system-out/>
  <testcase classname="com.sgtesting.actitimesenarios.Assignment1" name="closeApplication" time="1.662"/>
  <system-out/>
</testsuite> <!-- com.sgtesting.actitimesenarios.Assignment1 -->
