<?xml version="1.0" encoding="UTF-8"?>
<!-- Generated by org.testng.reporters.JUnitReportReporter -->
<testsuite hostname="DESKTOP-QBP43O6" failures="0" tests="11" name="com.sgtesting.actitimesenarios.Assignment6" time="52.329" errors="0" timestamp="2021-11-17T14:27:49 IST" skipped="0">
  <testcase classname="com.sgtesting.actitimesenarios.Assignment6" name="launchBrowser" time="1.042"/>
  <system-out/>
  <testcase classname="com.sgtesting.actitimesenarios.Assignment6" name="navigate" time="1.713"/>
  <system-out/>
  <testcase classname="com.sgtesting.actitimesenarios.Assignment6" name="login" time="4.313"/>
  <system-out/>
  <testcase classname="com.sgtesting.actitimesenarios.Assignment6" name="minimizeFlyOutWindow" time="2.063"/>
  <system-out/>
  <testcase classname="com.sgtesting.actitimesenarios.Assignment6" name="createcustomer" time="6.872"/>
  <system-out/>
  <testcase classname="com.sgtesting.actitimesenarios.Assignment6" name="createproject" time="7.443"/>
  <system-out/>
  <testcase classname="com.sgtesting.actitimesenarios.Assignment6" name="modifyproject" time="6.450"/>
  <system-out/>
  <testcase classname="com.sgtesting.actitimesenarios.Assignment6" name="deleteproject" time="10.322"/>
  <system-out/>
  <testcase classname="com.sgtesting.actitimesenarios.Assignment6" name="deletecustomer" time="8.331"/>
  <system-out/>
  <testcase classname="com.sgtesting.actitimesenarios.Assignment6" name="logout" time="2.324"/>
  <system-out/>
  <testcase classname="com.sgtesting.actitimesenarios.Assignment6" name="closeApplication" time="1.456"/>
  <system-out/>
</testsuite> <!-- com.sgtesting.actitimesenarios.Assignment6 -->
