<?xml version="1.0" encoding="UTF-8"?>
<!-- Generated by org.testng.reporters.JUnitReportReporter -->
<testsuite hostname="DESKTOP-QBP43O6" failures="0" tests="9" name="com.sgtesting.actitimesenarios.Assignment4" time="34.706" errors="0" timestamp="2021-11-17T14:27:49 IST" skipped="0">
  <testcase classname="com.sgtesting.actitimesenarios.Assignment4" name="launchBrowser" time="1.115"/>
  <system-out/>
  <testcase classname="com.sgtesting.actitimesenarios.Assignment4" name="navigate" time="1.692"/>
  <system-out/>
  <testcase classname="com.sgtesting.actitimesenarios.Assignment4" name="login" time="4.286"/>
  <system-out/>
  <testcase classname="com.sgtesting.actitimesenarios.Assignment4" name="minimizeFlyOutWindow" time="2.084"/>
  <system-out/>
  <testcase classname="com.sgtesting.actitimesenarios.Assignment4" name="createcustomer" time="6.874"/>
  <system-out/>
  <testcase classname="com.sgtesting.actitimesenarios.Assignment4" name="modifycustomer" time="7.610"/>
  <system-out/>
  <testcase classname="com.sgtesting.actitimesenarios.Assignment4" name="deletecustomer" time="7.253"/>
  <system-out/>
  <testcase classname="com.sgtesting.actitimesenarios.Assignment4" name="logout" time="2.375"/>
  <system-out/>
  <testcase classname="com.sgtesting.actitimesenarios.Assignment4" name="closeApplication" time="1.417"/>
  <system-out/>
</testsuite> <!-- com.sgtesting.actitimesenarios.Assignment4 -->
