<?xml version="1.0" encoding="UTF-8"?>
<!-- Generated by org.testng.reporters.JUnitReportReporter -->
<testsuite hostname="DESKTOP-QBP43O6" failures="0" tests="2" name="com.sgtesting.hardassertions.AssertSameDemo" time="0.016" errors="0" timestamp="2021-11-15T19:48:26 IST" skipped="0">
  <testcase classname="com.sgtesting.hardassertions.AssertSameDemo" name="assertNotSameDemo" time="0.013"/>
  <system-out/>
  <testcase classname="com.sgtesting.hardassertions.AssertSameDemo" name="assertSameDemo" time="0.003"/>
  <system-out/>
</testsuite> <!-- com.sgtesting.hardassertions.AssertSameDemo -->
