<?xml version="1.0" encoding="UTF-8"?>
<!-- Generated by org.testng.reporters.JUnitReportReporter -->
<testsuite hostname="DESKTOP-QBP43O6" failures="0" tests="2" name="com.sgtesting.hardassertions.AssertTrueDemo" time="0.016" errors="0" timestamp="2021-11-15T19:49:37 IST" skipped="0">
  <testcase classname="com.sgtesting.hardassertions.AssertTrueDemo" name="assertFalseDemo" time="0.012"/>
  <system-out/>
  <testcase classname="com.sgtesting.hardassertions.AssertTrueDemo" name="assertTrueDemo" time="0.004"/>
  <system-out/>
</testsuite> <!-- com.sgtesting.hardassertions.AssertTrueDemo -->
