<?xml version="1.0" encoding="UTF-8"?>
<!-- Generated by org.testng.reporters.JUnitReportReporter -->
<testsuite hostname="DESKTOP-QBP43O6" failures="0" tests="3" name="com.sgtesting.groupsdemo.TestCases" time="0.014" errors="0" timestamp="2021-11-15T19:55:13 IST" skipped="0">
  <testcase classname="com.sgtesting.groupsdemo.TestCases" name="method1" time="0.010"/>
  <system-out/>
  <testcase classname="com.sgtesting.groupsdemo.TestCases" name="method5" time="0.002"/>
  <system-out/>
  <testcase classname="com.sgtesting.groupsdemo.TestCases" name="method3" time="0.002"/>
  <system-out/>
</testsuite> <!-- com.sgtesting.groupsdemo.TestCases -->
