<?xml version="1.0" encoding="UTF-8"?>
<!-- Generated by org.testng.reporters.JUnitReportReporter -->
<testsuite hostname="DESKTOP-QBP43O6" failures="0" tests="2" name="com.sgtesting.hardassertions.AssertNullDemo" time="0.016" errors="0" timestamp="2021-11-15T19:46:13 IST" skipped="0">
  <testcase classname="com.sgtesting.hardassertions.AssertNullDemo" name="assertNotNullDemo" time="0.013"/>
  <system-out/>
  <testcase classname="com.sgtesting.hardassertions.AssertNullDemo" name="assertNullDemo" time="0.003"/>
  <system-out/>
</testsuite> <!-- com.sgtesting.hardassertions.AssertNullDemo -->
