<?xml version="1.0" encoding="UTF-8"?>
<!-- Generated by org.testng.reporters.JUnitReportReporter -->
<testsuite hostname="DESKTOP-QBP43O6" failures="0" tests="3" name="com.sgtesting.userwithparameter.UserWithParameter" time="0.014" errors="0" timestamp="2021-11-14T22:38:56 IST" skipped="0">
  <testcase classname="com.sgtesting.userwithparameter.UserWithParameter" name="createUser" time="0.007"/>
  <system-out/>
  <testcase classname="com.sgtesting.userwithparameter.UserWithParameter" name="modifyUser" time="0.004"/>
  <system-out/>
  <testcase classname="com.sgtesting.userwithparameter.UserWithParameter" name="deleteUser" time="0.003"/>
  <system-out/>
</testsuite> <!-- com.sgtesting.userwithparameter.UserWithParameter -->
