<?xml version="1.0" encoding="UTF-8"?>
<!-- Generated by org.testng.reporters.JUnitReportReporter -->
<testsuite hostname="DESKTOP-QBP43O6" failures="0" tests="2" name="com.sgtesting.softassertions.AssertSameDemo" time="0.016" errors="0" timestamp="2021-11-16T13:33:36 IST" skipped="0">
  <testcase classname="com.sgtesting.softassertions.AssertSameDemo" name="assertNotSameDemo" time="0.012"/>
  <system-out/>
  <testcase classname="com.sgtesting.softassertions.AssertSameDemo" name="assertSameDemo" time="0.004"/>
  <system-out/>
</testsuite> <!-- com.sgtesting.softassertions.AssertSameDemo -->
