<?xml version="1.0" encoding="UTF-8"?>
<!-- Generated by org.testng.reporters.JUnitReportReporter -->
<testsuite hostname="DESKTOP-QBP43O6" failures="0" tests="2" name="com.sgtesting.tests.annotationssummary.AnnotationsSummary" time="0.010" errors="0" timestamp="2021-11-14T23:32:53 IST" skipped="0">
  <testcase classname="com.sgtesting.tests.annotationssummary.AnnotationsSummary" name="test1_Annotations" time="0.006"/>
  <system-out/>
  <testcase classname="com.sgtesting.tests.annotationssummary.AnnotationsSummary" name="test2_Annotations" time="0.004"/>
  <system-out/>
</testsuite> <!-- com.sgtesting.tests.annotationssummary.AnnotationsSummary -->
