<?xml version="1.0" encoding="UTF-8"?>
<!-- Generated by org.testng.reporters.JUnitReportReporter -->
<testsuite hostname="DESKTOP-QBP43O6" failures="0" tests="3" name="com.sgtesting.tests.users.Users" time="0.013" errors="0" timestamp="2021-11-14T22:50:03 IST" skipped="0">
  <testcase classname="com.sgtesting.tests.users.Users" name="createUser" time="0.006"/>
  <system-out/>
  <testcase classname="com.sgtesting.tests.users.Users" name="deleteUser" time="0.003"/>
  <system-out/>
  <testcase classname="com.sgtesting.tests.users.Users" name="modifyUser" time="0.004"/>
  <system-out/>
</testsuite> <!-- com.sgtesting.tests.users.Users -->
