<?xml version="1.0" encoding="UTF-8"?>
<!-- Generated by org.testng.reporters.JUnitReportReporter -->
<testsuite hostname="DESKTOP-QBP43O6" failures="0" tests="3" name="com.sgtesting.tests.products.Products" time="0.008" errors="0" timestamp="2021-11-14T22:50:03 IST" skipped="0">
  <testcase classname="com.sgtesting.tests.products.Products" name="modifyProduct" time="0.004"/>
  <system-out/>
  <testcase classname="com.sgtesting.tests.products.Products" name="createProduct" time="0.001"/>
  <system-out/>
  <testcase classname="com.sgtesting.tests.products.Products" name="deleteProduct" time="0.003"/>
  <system-out/>
</testsuite> <!-- com.sgtesting.tests.products.Products -->
