<?xml version="1.0" encoding="UTF-8"?>
<!-- Generated by org.testng.reporters.JUnitReportReporter -->
<testsuite hostname="DESKTOP-QBP43O6" failures="0" tests="2" name="com.sgtesting.softassertions.AssertTrueDemo" time="0.021" errors="0" timestamp="2021-11-15T19:49:59 IST" skipped="0">
  <testcase classname="com.sgtesting.softassertions.AssertTrueDemo" name="assertFalseDemo" time="0.018"/>
  <system-out/>
  <testcase classname="com.sgtesting.softassertions.AssertTrueDemo" name="assertTrueDemo" time="0.003"/>
  <system-out/>
</testsuite> <!-- com.sgtesting.softassertions.AssertTrueDemo -->
