<?xml version="1.0" encoding="UTF-8"?>
<!-- Generated by org.testng.reporters.JUnitReportReporter -->
<testsuite hostname="DESKTOP-QBP43O6" failures="0" tests="1" name="com.sgtesting.actitime.driverscript.DriverScript" time="315.482" errors="0" timestamp="2021-11-26T23:59:10 IST" skipped="0">
  <testcase classname="com.sgtesting.actitime.driverscript.DriverScript" name="executeScenarios" time="315.482"/>
  <system-out/>
</testsuite> <!-- com.sgtesting.actitime.driverscript.DriverScript -->
