<?xml version="1.0" encoding="UTF-8"?>
<!-- Generated by org.testng.reporters.JUnitReportReporter -->
<testsuite hostname="DESKTOP-QBP43O6" failures="0" tests="6" name="com.sg.Testscript.DataProviderDemo" time="32.065" errors="0" timestamp="2021-11-15T20:13:16 IST" skipped="0">
  <testcase classname="com.sg.Testscript.DataProviderDemo" name="launchBrowser" time="2.745"/>
  <system-out/>
  <testcase classname="com.sg.Testscript.DataProviderDemo" name="navigate" time="2.254"/>
  <system-out/>
  <testcase classname="com.sg.Testscript.DataProviderDemo" name="login" time="8.802"/>
  <system-out/>
  <testcase classname="com.sg.Testscript.DataProviderDemo" name="login" time="8.950"/>
  <system-out/>
  <testcase classname="com.sg.Testscript.DataProviderDemo" name="login" time="8.857"/>
  <system-out/>
  <testcase classname="com.sg.Testscript.DataProviderDemo" name="closeApplication" time="0.457"/>
  <system-out/>
</testsuite> <!-- com.sg.Testscript.DataProviderDemo -->
